{"/Users/isaacau/Documents/University Coding Projects/cm22007_cw2/frontend/src/components/AchievementModal.tsx": {"path":"/Users/isaacau/Documents/University Coding Projects/cm22007_cw2/frontend/src/components/AchievementModal.tsx","statementMap":{"0":{"start":{"line":1,"column":0},"end":{"line":1,"column":51}},"1":{"start":{"line":2,"column":0},"end":{"line":2,"column":26}},"2":{"start":{"line":18,"column":58},"end":{"line":220,"column":1}},"3":{"start":{"line":23,"column":42},"end":{"line":23,"column":69}},"4":{"start":{"line":24,"column":38},"end":{"line":24,"column":57}},"5":{"start":{"line":25,"column":30},"end":{"line":25,"column":77}},"6":{"start":{"line":26,"column":32},"end":{"line":26,"column":46}},"7":{"start":{"line":29,"column":21},"end":{"line":29,"column":99}},"8":{"start":{"line":32,"column":30},"end":{"line":41,"column":4}},"9":{"start":{"line":43,"column":20},"end":{"line":51,"column":4}},"10":{"start":{"line":43,"column":45},"end":{"line":51,"column":4}},"11":{"start":{"line":53,"column":22},"end":{"line":60,"column":4}},"12":{"start":{"line":53,"column":44},"end":{"line":60,"column":4}},"13":{"start":{"line":62,"column":2},"end":{"line":70,"column":25}},"14":{"start":{"line":63,"column":4},"end":{"line":69,"column":5}},"15":{"start":{"line":64,"column":24},"end":{"line":67,"column":8}},"16":{"start":{"line":64,"column":35},"end":{"line":67,"column":8}},"17":{"start":{"line":65,"column":8},"end":{"line":65,"column":68}},"18":{"start":{"line":66,"column":8},"end":{"line":66,"column":26}},"19":{"start":{"line":68,"column":6},"end":{"line":68,"column":18}},"20":{"start":{"line":72,"column":28},"end":{"line":79,"column":4}},"21":{"start":{"line":72,"column":39},"end":{"line":79,"column":4}},"22":{"start":{"line":73,"column":4},"end":{"line":78,"column":5}},"23":{"start":{"line":74,"column":23},"end":{"line":74,"column":82}},"24":{"start":{"line":75,"column":6},"end":{"line":75,"column":37}},"25":{"start":{"line":77,"column":6},"end":{"line":77,"column":59}},"26":{"start":{"line":81,"column":26},"end":{"line":89,"column":4}},"27":{"start":{"line":81,"column":37},"end":{"line":89,"column":4}},"28":{"start":{"line":82,"column":4},"end":{"line":88,"column":5}},"29":{"start":{"line":83,"column":6},"end":{"line":83,"column":57}},"30":{"start":{"line":84,"column":23},"end":{"line":84,"column":91}},"31":{"start":{"line":85,"column":6},"end":{"line":85,"column":42}},"32":{"start":{"line":87,"column":6},"end":{"line":87,"column":58}},"33":{"start":{"line":91,"column":31},"end":{"line":94,"column":5}},"34":{"start":{"line":91,"column":63},"end":{"line":93,"column":null}},"35":{"start":{"line":96,"column":31},"end":{"line":101,"column":4}},"36":{"start":{"line":97,"column":4},"end":{"line":97,"column":38}},"37":{"start":{"line":97,"column":26},"end":{"line":97,"column":38}},"38":{"start":{"line":98,"column":4},"end":{"line":98,"column":61}},"39":{"start":{"line":98,"column":32},"end":{"line":98,"column":61}},"40":{"start":{"line":99,"column":4},"end":{"line":99,"column":59}},"41":{"start":{"line":99,"column":29},"end":{"line":99,"column":59}},"42":{"start":{"line":100,"column":4},"end":{"line":100,"column":16}},"43":{"start":{"line":103,"column":2},"end":{"line":103,"column":27}},"44":{"start":{"line":103,"column":15},"end":{"line":103,"column":27}},"45":{"start":{"line":105,"column":2},"end":{"line":122,"column":3}},"46":{"start":{"line":106,"column":4},"end":{"line":121,"column":6}},"47":{"start":{"line":124,"column":2},"end":{"line":219,"column":4}},"48":{"start":{"line":160,"column":27},"end":{"line":160,"column":43}},"49":{"start":{"line":166,"column":27},"end":{"line":166,"column":49}},"50":{"start":{"line":172,"column":27},"end":{"line":172,"column":46}},"51":{"start":{"line":181,"column":12},"end":{"line":182,"column":null}},"52":{"start":{"line":214,"column":46},"end":{"line":214,"column":57}},"53":{"start":{"line":222,"column":0},"end":{"line":222,"column":32}}},"fnMap":{"0":{"name":"(anonymous_8)","decl":{"start":{"line":18,"column":58},"end":{"line":18,"column":59}},"loc":{"start":{"line":22,"column":5},"end":{"line":220,"column":1}}},"1":{"name":"(anonymous_9)","decl":{"start":{"line":43,"column":20},"end":{"line":43,"column":21}},"loc":{"start":{"line":43,"column":45},"end":{"line":51,"column":4}}},"2":{"name":"(anonymous_10)","decl":{"start":{"line":53,"column":22},"end":{"line":53,"column":23}},"loc":{"start":{"line":53,"column":44},"end":{"line":60,"column":4}}},"3":{"name":"(anonymous_11)","decl":{"start":{"line":62,"column":12},"end":{"line":62,"column":15}},"loc":{"start":{"line":62,"column":17},"end":{"line":70,"column":3}}},"4":{"name":"(anonymous_12)","decl":{"start":{"line":64,"column":24},"end":{"line":64,"column":33}},"loc":{"start":{"line":64,"column":35},"end":{"line":67,"column":8}}},"5":{"name":"(anonymous_13)","decl":{"start":{"line":64,"column":35},"end":{"line":64,"column":null}},"loc":{"start":{"line":64,"column":35},"end":{"line":67,"column":7}}},"6":{"name":"(anonymous_14)","decl":{"start":{"line":72,"column":28},"end":{"line":72,"column":37}},"loc":{"start":{"line":72,"column":39},"end":{"line":79,"column":4}}},"7":{"name":"(anonymous_15)","decl":{"start":{"line":72,"column":39},"end":{"line":72,"column":null}},"loc":{"start":{"line":72,"column":39},"end":{"line":79,"column":3}}},"8":{"name":"(anonymous_16)","decl":{"start":{"line":81,"column":26},"end":{"line":81,"column":35}},"loc":{"start":{"line":81,"column":37},"end":{"line":89,"column":4}}},"9":{"name":"(anonymous_17)","decl":{"start":{"line":81,"column":37},"end":{"line":81,"column":null}},"loc":{"start":{"line":81,"column":37},"end":{"line":89,"column":3}}},"10":{"name":"(anonymous_18)","decl":{"start":{"line":91,"column":48},"end":{"line":91,"column":59}},"loc":{"start":{"line":91,"column":63},"end":{"line":93,"column":null}}},"11":{"name":"(anonymous_19)","decl":{"start":{"line":96,"column":59},"end":{"line":96,"column":70}},"loc":{"start":{"line":96,"column":73},"end":{"line":101,"column":3}}},"12":{"name":"(anonymous_20)","decl":{"start":{"line":160,"column":21},"end":{"line":160,"column":24}},"loc":{"start":{"line":160,"column":27},"end":{"line":160,"column":43}}},"13":{"name":"(anonymous_21)","decl":{"start":{"line":166,"column":21},"end":{"line":166,"column":24}},"loc":{"start":{"line":166,"column":27},"end":{"line":166,"column":49}}},"14":{"name":"(anonymous_22)","decl":{"start":{"line":172,"column":21},"end":{"line":172,"column":24}},"loc":{"start":{"line":172,"column":27},"end":{"line":172,"column":46}}},"15":{"name":"(anonymous_23)","decl":{"start":{"line":180,"column":36},"end":{"line":180,"column":47}},"loc":{"start":{"line":181,"column":12},"end":{"line":182,"column":null}}},"16":{"name":"(anonymous_24)","decl":{"start":{"line":214,"column":41},"end":{"line":214,"column":42}},"loc":{"start":{"line":214,"column":46},"end":{"line":214,"column":57}}}},"branchMap":{"0":{"loc":{"start":{"line":21,"column":2},"end":{"line":21,"column":18}},"type":"default-arg","locations":[{"start":{"line":21,"column":13},"end":{"line":21,"column":18}}]},"1":{"loc":{"start":{"line":29,"column":21},"end":{"line":29,"column":99}},"type":"binary-expr","locations":[{"start":{"line":29,"column":21},"end":{"line":29,"column":38}},{"start":{"line":29,"column":42},"end":{"line":29,"column":99}}]},"2":{"loc":{"start":{"line":33,"column":21},"end":{"line":33,"column":50}},"type":"cond-expr","locations":[{"start":{"line":33,"column":34},"end":{"line":33,"column":40}},{"start":{"line":33,"column":43},"end":{"line":33,"column":50}}]},"3":{"loc":{"start":{"line":40,"column":11},"end":{"line":40,"column":39}},"type":"cond-expr","locations":[{"start":{"line":40,"column":24},"end":{"line":40,"column":30}},{"start":{"line":40,"column":33},"end":{"line":40,"column":39}}]},"4":{"loc":{"start":{"line":48,"column":21},"end":{"line":48,"column":102}},"type":"cond-expr","locations":[{"start":{"line":48,"column":34},"end":{"line":48,"column":65}},{"start":{"line":48,"column":70},"end":{"line":48,"column":101}}]},"5":{"loc":{"start":{"line":48,"column":34},"end":{"line":48,"column":65}},"type":"cond-expr","locations":[{"start":{"line":48,"column":47},"end":{"line":48,"column":53}},{"start":{"line":48,"column":56},"end":{"line":48,"column":65}}]},"6":{"loc":{"start":{"line":48,"column":70},"end":{"line":48,"column":101}},"type":"cond-expr","locations":[{"start":{"line":48,"column":83},"end":{"line":48,"column":89}},{"start":{"line":48,"column":92},"end":{"line":48,"column":101}}]},"7":{"loc":{"start":{"line":56,"column":16},"end":{"line":56,"column":91}},"type":"cond-expr","locations":[{"start":{"line":56,"column":26},"end":{"line":56,"column":54}},{"start":{"line":56,"column":59},"end":{"line":56,"column":90}}]},"8":{"loc":{"start":{"line":56,"column":26},"end":{"line":56,"column":54}},"type":"cond-expr","locations":[{"start":{"line":56,"column":39},"end":{"line":56,"column":45}},{"start":{"line":56,"column":48},"end":{"line":56,"column":54}}]},"9":{"loc":{"start":{"line":56,"column":59},"end":{"line":56,"column":90}},"type":"cond-expr","locations":[{"start":{"line":56,"column":72},"end":{"line":56,"column":78}},{"start":{"line":56,"column":81},"end":{"line":56,"column":90}}]},"10":{"loc":{"start":{"line":63,"column":4},"end":{"line":69,"column":5}},"type":"if","locations":[{"start":{"line":63,"column":4},"end":{"line":69,"column":5}}]},"11":{"loc":{"start":{"line":97,"column":4},"end":{"line":97,"column":38}},"type":"if","locations":[{"start":{"line":97,"column":4},"end":{"line":97,"column":38}}]},"12":{"loc":{"start":{"line":98,"column":4},"end":{"line":98,"column":61}},"type":"if","locations":[{"start":{"line":98,"column":4},"end":{"line":98,"column":61}}]},"13":{"loc":{"start":{"line":99,"column":4},"end":{"line":99,"column":59}},"type":"if","locations":[{"start":{"line":99,"column":4},"end":{"line":99,"column":59}}]},"14":{"loc":{"start":{"line":103,"column":2},"end":{"line":103,"column":27}},"type":"if","locations":[{"start":{"line":103,"column":2},"end":{"line":103,"column":27}}]},"15":{"loc":{"start":{"line":105,"column":2},"end":{"line":122,"column":3}},"type":"if","locations":[{"start":{"line":105,"column":2},"end":{"line":122,"column":3}}]},"16":{"loc":{"start":{"line":147,"column":21},"end":{"line":147,"column":49}},"type":"cond-expr","locations":[{"start":{"line":147,"column":34},"end":{"line":147,"column":40}},{"start":{"line":147,"column":43},"end":{"line":147,"column":49}}]},"17":{"loc":{"start":{"line":185,"column":15},"end":{"line":195,"column":null}},"type":"binary-expr","locations":[{"start":{"line":185,"column":15},"end":{"line":185,"column":37}},{"start":{"line":186,"column":16},"end":{"line":194,"column":null}}]},"18":{"loc":{"start":{"line":193,"column":29},"end":{"line":193,"column":60}},"type":"cond-expr","locations":[{"start":{"line":193,"column":53},"end":{"line":193,"column":54}},{"start":{"line":193,"column":57},"end":{"line":193,"column":60}}]},"19":{"loc":{"start":{"line":200,"column":19},"end":{"line":200,"column":119}},"type":"cond-expr","locations":[{"start":{"line":200,"column":43},"end":{"line":200,"column":57}},{"start":{"line":200,"column":60},"end":{"line":200,"column":119}}]}},"s":{"0":1,"1":1,"2":1,"3":10,"4":10,"5":10,"6":10,"7":10,"8":10,"9":10,"10":8,"11":10,"12":15,"13":10,"14":5,"15":4,"16":4,"17":4,"18":4,"19":4,"20":10,"21":4,"22":4,"23":4,"24":4,"25":0,"26":10,"27":4,"28":4,"29":4,"30":4,"31":4,"32":0,"33":10,"34":10,"35":10,"36":10,"37":6,"38":4,"39":2,"40":2,"41":2,"42":0,"43":10,"44":1,"45":9,"46":4,"47":5,"48":0,"49":1,"50":1,"51":8,"52":8,"53":1},"f":{"0":10,"1":8,"2":15,"3":5,"4":4,"5":4,"6":4,"7":4,"8":4,"9":4,"10":10,"11":10,"12":0,"13":1,"14":1,"15":8,"16":8},"b":{"0":[10],"1":[10,10],"2":[0,10],"3":[0,10],"4":[4,4],"5":[0,4],"6":[0,4],"7":[5,10],"8":[0,5],"9":[0,10],"10":[4],"11":[6],"12":[2],"13":[2],"14":[1],"15":[4],"16":[0,5],"17":[8,8],"18":[4,4],"19":[4,4]}}
,"/Users/isaacau/Documents/University Coding Projects/cm22007_cw2/frontend/src/components/InputPrompt.tsx": {"path":"/Users/isaacau/Documents/University Coding Projects/cm22007_cw2/frontend/src/components/InputPrompt.tsx","statementMap":{"0":{"start":{"line":22,"column":0},"end":{"line":22,"column":24}},"1":{"start":{"line":1,"column":0},"end":{"line":1,"column":41}},"2":{"start":{"line":2,"column":0},"end":{"line":2,"column":43}},"3":{"start":{"line":23,"column":28},"end":{"line":23,"column":40}},"4":{"start":{"line":24,"column":34},"end":{"line":24,"column":67}},"5":{"start":{"line":26,"column":23},"end":{"line":73,"column":4}},"6":{"start":{"line":26,"column":34},"end":{"line":73,"column":4}},"7":{"start":{"line":27,"column":4},"end":{"line":27,"column":30}},"8":{"start":{"line":27,"column":23},"end":{"line":27,"column":30}},"9":{"start":{"line":29,"column":4},"end":{"line":70,"column":5}},"10":{"start":{"line":30,"column":23},"end":{"line":30,"column":28}},"11":{"start":{"line":31,"column":18},"end":{"line":40,"column":null}},"12":{"start":{"line":43,"column":6},"end":{"line":45,"column":7}},"13":{"start":{"line":44,"column":8},"end":{"line":44,"column":48}},"14":{"start":{"line":47,"column":31},"end":{"line":47,"column":47}},"15":{"start":{"line":48,"column":6},"end":{"line":48,"column":24}},"16":{"start":{"line":49,"column":6},"end":{"line":49,"column":40}},"17":{"start":{"line":51,"column":6},"end":{"line":51,"column":74}},"18":{"start":{"line":52,"column":18},"end":{"line":52,"column":36}},"19":{"start":{"line":53,"column":6},"end":{"line":53,"column":32}},"20":{"start":{"line":54,"column":6},"end":{"line":54,"column":58}},"21":{"start":{"line":56,"column":6},"end":{"line":65,"column":7}},"22":{"start":{"line":57,"column":8},"end":{"line":57,"column":28}},"23":{"start":{"line":58,"column":8},"end":{"line":58,"column":43}},"24":{"start":{"line":59,"column":8},"end":{"line":59,"column":67}},"25":{"start":{"line":60,"column":8},"end":{"line":60,"column":60}},"26":{"start":{"line":62,"column":8},"end":{"line":62,"column":29}},"27":{"start":{"line":63,"column":8},"end":{"line":63,"column":40}},"28":{"start":{"line":64,"column":8},"end":{"line":64,"column":36}},"29":{"start":{"line":67,"column":6},"end":{"line":67,"column":27}},"30":{"start":{"line":69,"column":6},"end":{"line":69,"column":37}},"31":{"start":{"line":72,"column":4},"end":{"line":72,"column":17}},"32":{"start":{"line":75,"column":33},"end":{"line":78,"column":3}},"33":{"start":{"line":76,"column":4},"end":{"line":76,"column":72}},"34":{"start":{"line":77,"column":4},"end":{"line":77,"column":25}},"35":{"start":{"line":80,"column":2},"end":{"line":104,"column":4}},"36":{"start":{"line":89,"column":29},"end":{"line":89,"column":53}},"37":{"start":{"line":90,"column":30},"end":{"line":90,"column":65}}},"fnMap":{"0":{"name":"InputPrompt","decl":{"start":{"line":22,"column":24},"end":{"line":22,"column":35}},"loc":{"start":{"line":22,"column":121},"end":{"line":105,"column":1}}},"1":{"name":"(anonymous_8)","decl":{"start":{"line":26,"column":23},"end":{"line":26,"column":32}},"loc":{"start":{"line":26,"column":34},"end":{"line":73,"column":4}}},"2":{"name":"(anonymous_9)","decl":{"start":{"line":26,"column":34},"end":{"line":26,"column":null}},"loc":{"start":{"line":26,"column":34},"end":{"line":73,"column":3}}},"3":{"name":"(anonymous_10)","decl":{"start":{"line":75,"column":33},"end":{"line":75,"column":36}},"loc":{"start":{"line":75,"column":38},"end":{"line":78,"column":3}}},"4":{"name":"(anonymous_11)","decl":{"start":{"line":89,"column":22},"end":{"line":89,"column":23}},"loc":{"start":{"line":89,"column":29},"end":{"line":89,"column":53}}},"5":{"name":"(anonymous_12)","decl":{"start":{"line":90,"column":23},"end":{"line":90,"column":24}},"loc":{"start":{"line":90,"column":30},"end":{"line":90,"column":65}}}},"branchMap":{"0":{"loc":{"start":{"line":27,"column":4},"end":{"line":27,"column":30}},"type":"if","locations":[{"start":{"line":27,"column":4},"end":{"line":27,"column":30}}]},"1":{"loc":{"start":{"line":43,"column":6},"end":{"line":45,"column":7}},"type":"if","locations":[{"start":{"line":43,"column":6},"end":{"line":45,"column":7}}]},"2":{"loc":{"start":{"line":56,"column":6},"end":{"line":65,"column":7}},"type":"if","locations":[{"start":{"line":56,"column":6},"end":{"line":65,"column":7}},{"start":{"line":61,"column":13},"end":{"line":65,"column":7}}]},"3":{"loc":{"start":{"line":58,"column":23},"end":{"line":58,"column":42}},"type":"cond-expr","locations":[{"start":{"line":58,"column":36},"end":{"line":58,"column":40}},{"start":{"line":58,"column":40},"end":{"line":58,"column":42}}]},"4":{"loc":{"start":{"line":58,"column":23},"end":{"line":58,"column":40}},"type":"binary-expr","locations":[{"start":{"line":58,"column":23},"end":{"line":58,"column":40}},{"start":{"line":58,"column":36},"end":{"line":58,"column":40}}]},"5":{"loc":{"start":{"line":59,"column":40},"end":{"line":59,"column":66}},"type":"cond-expr","locations":[{"start":{"line":59,"column":60},"end":{"line":59,"column":64}},{"start":{"line":59,"column":64},"end":{"line":59,"column":66}}]},"6":{"loc":{"start":{"line":59,"column":40},"end":{"line":59,"column":64}},"type":"binary-expr","locations":[{"start":{"line":59,"column":40},"end":{"line":59,"column":64}},{"start":{"line":59,"column":60},"end":{"line":59,"column":64}}]},"7":{"loc":{"start":{"line":60,"column":40},"end":{"line":60,"column":59}},"type":"cond-expr","locations":[{"start":{"line":60,"column":54},"end":{"line":60,"column":58}},{"start":{"line":60,"column":58},"end":{"line":60,"column":59}}]},"8":{"loc":{"start":{"line":60,"column":40},"end":{"line":60,"column":58}},"type":"binary-expr","locations":[{"start":{"line":60,"column":40},"end":{"line":60,"column":58}},{"start":{"line":60,"column":54},"end":{"line":60,"column":58}}]},"9":{"loc":{"start":{"line":60,"column":40},"end":{"line":60,"column":54}},"type":"cond-expr","locations":[{"start":{"line":60,"column":44},"end":{"line":60,"column":46}},{"start":{"line":60,"column":40},"end":{"line":60,"column":54}}]},"10":{"loc":{"start":{"line":60,"column":40},"end":{"line":60,"column":46}},"type":"binary-expr","locations":[{"start":{"line":60,"column":40},"end":{"line":60,"column":46}},{"start":{"line":60,"column":40},"end":{"line":60,"column":46}}]},"11":{"loc":{"start":{"line":63,"column":23},"end":{"line":63,"column":39}},"type":"cond-expr","locations":[{"start":{"line":63,"column":33},"end":{"line":63,"column":37}},{"start":{"line":63,"column":37},"end":{"line":63,"column":39}}]},"12":{"loc":{"start":{"line":63,"column":23},"end":{"line":63,"column":37}},"type":"binary-expr","locations":[{"start":{"line":63,"column":23},"end":{"line":63,"column":37}},{"start":{"line":63,"column":33},"end":{"line":63,"column":37}}]},"13":{"loc":{"start":{"line":64,"column":21},"end":{"line":64,"column":35}},"type":"cond-expr","locations":[{"start":{"line":64,"column":29},"end":{"line":64,"column":33}},{"start":{"line":64,"column":33},"end":{"line":64,"column":35}}]},"14":{"loc":{"start":{"line":64,"column":21},"end":{"line":64,"column":33}},"type":"binary-expr","locations":[{"start":{"line":64,"column":21},"end":{"line":64,"column":33}},{"start":{"line":64,"column":29},"end":{"line":64,"column":33}}]},"15":{"loc":{"start":{"line":90,"column":30},"end":{"line":90,"column":65}},"type":"binary-expr","locations":[{"start":{"line":90,"column":30},"end":{"line":90,"column":47}},{"start":{"line":90,"column":51},"end":{"line":90,"column":65}}]}},"s":{"0":1,"1":1,"2":1,"3":4,"4":4,"5":4,"6":0,"7":0,"8":0,"9":0,"10":0,"11":0,"12":0,"13":0,"14":0,"15":0,"16":0,"17":0,"18":0,"19":0,"20":0,"21":0,"22":0,"23":0,"24":0,"25":0,"26":0,"27":0,"28":0,"29":0,"30":0,"31":0,"32":4,"33":1,"34":1,"35":4,"36":1,"37":0},"f":{"0":4,"1":0,"2":0,"3":1,"4":1,"5":0},"b":{"0":[0],"1":[0],"2":[0,0],"3":[0,0],"4":[0,0],"5":[0,0],"6":[0,0],"7":[0,0],"8":[0,0],"9":[0,0],"10":[0,0],"11":[0,0],"12":[0,0],"13":[0,0],"14":[0,0],"15":[0,0]}}
,"/Users/isaacau/Documents/University Coding Projects/cm22007_cw2/frontend/src/components/SettingsModal.tsx": {"path":"/Users/isaacau/Documents/University Coding Projects/cm22007_cw2/frontend/src/components/SettingsModal.tsx","statementMap":{"0":{"start":{"line":8,"column":0},"end":{"line":8,"column":24}},"1":{"start":{"line":1,"column":0},"end":{"line":1,"column":33}},"2":{"start":{"line":9,"column":40},"end":{"line":9,"column":52}},"3":{"start":{"line":10,"column":28},"end":{"line":10,"column":45}},"4":{"start":{"line":11,"column":38},"end":{"line":11,"column":57}},"5":{"start":{"line":12,"column":36},"end":{"line":12,"column":55}},"6":{"start":{"line":15,"column":24},"end":{"line":42,"column":4}},"7":{"start":{"line":15,"column":35},"end":{"line":42,"column":4}},"8":{"start":{"line":16,"column":4},"end":{"line":19,"column":5}},"9":{"start":{"line":17,"column":6},"end":{"line":17,"column":49}},"10":{"start":{"line":18,"column":6},"end":{"line":18,"column":13}},"11":{"start":{"line":21,"column":4},"end":{"line":39,"column":5}},"12":{"start":{"line":22,"column":23},"end":{"line":28,"column":8}},"13":{"start":{"line":30,"column":6},"end":{"line":35,"column":7}},"14":{"start":{"line":31,"column":8},"end":{"line":31,"column":46}},"15":{"start":{"line":33,"column":26},"end":{"line":33,"column":47}},"16":{"start":{"line":34,"column":8},"end":{"line":34,"column":72}},"17":{"start":{"line":37,"column":6},"end":{"line":37,"column":53}},"18":{"start":{"line":38,"column":6},"end":{"line":38,"column":52}},"19":{"start":{"line":41,"column":4},"end":{"line":41,"column":14}},"20":{"start":{"line":44,"column":2},"end":{"line":44,"column":25}},"21":{"start":{"line":44,"column":13},"end":{"line":44,"column":25}},"22":{"start":{"line":46,"column":2},"end":{"line":109,"column":4}},"23":{"start":{"line":57,"column":27},"end":{"line":57,"column":57}},"24":{"start":{"line":65,"column":27},"end":{"line":65,"column":51}},"25":{"start":{"line":78,"column":27},"end":{"line":78,"column":56}},"26":{"start":{"line":88,"column":27},"end":{"line":88,"column":55}}},"fnMap":{"0":{"name":"SettingsModal","decl":{"start":{"line":8,"column":24},"end":{"line":8,"column":37}},"loc":{"start":{"line":8,"column":75},"end":{"line":110,"column":1}}},"1":{"name":"(anonymous_8)","decl":{"start":{"line":15,"column":24},"end":{"line":15,"column":33}},"loc":{"start":{"line":15,"column":35},"end":{"line":42,"column":4}}},"2":{"name":"(anonymous_9)","decl":{"start":{"line":15,"column":35},"end":{"line":15,"column":null}},"loc":{"start":{"line":15,"column":35},"end":{"line":42,"column":3}}},"3":{"name":"(anonymous_10)","decl":{"start":{"line":57,"column":20},"end":{"line":57,"column":21}},"loc":{"start":{"line":57,"column":27},"end":{"line":57,"column":57}}},"4":{"name":"(anonymous_11)","decl":{"start":{"line":65,"column":20},"end":{"line":65,"column":21}},"loc":{"start":{"line":65,"column":27},"end":{"line":65,"column":51}}},"5":{"name":"(anonymous_12)","decl":{"start":{"line":78,"column":20},"end":{"line":78,"column":21}},"loc":{"start":{"line":78,"column":27},"end":{"line":78,"column":56}}},"6":{"name":"(anonymous_13)","decl":{"start":{"line":88,"column":20},"end":{"line":88,"column":21}},"loc":{"start":{"line":88,"column":27},"end":{"line":88,"column":55}}}},"branchMap":{"0":{"loc":{"start":{"line":16,"column":4},"end":{"line":19,"column":5}},"type":"if","locations":[{"start":{"line":16,"column":4},"end":{"line":19,"column":5}}]},"1":{"loc":{"start":{"line":30,"column":6},"end":{"line":35,"column":7}},"type":"if","locations":[{"start":{"line":30,"column":6},"end":{"line":35,"column":7}},{"start":{"line":32,"column":13},"end":{"line":35,"column":7}}]},"2":{"loc":{"start":{"line":34,"column":24},"end":{"line":34,"column":68}},"type":"binary-expr","locations":[{"start":{"line":34,"column":24},"end":{"line":34,"column":40}},{"start":{"line":34,"column":44},"end":{"line":34,"column":68}}]},"3":{"loc":{"start":{"line":44,"column":2},"end":{"line":44,"column":25}},"type":"if","locations":[{"start":{"line":44,"column":2},"end":{"line":44,"column":25}}]}},"s":{"0":1,"1":1,"2":3,"3":3,"4":3,"5":3,"6":3,"7":0,"8":0,"9":0,"10":0,"11":0,"12":0,"13":0,"14":0,"15":0,"16":0,"17":0,"18":0,"19":0,"20":3,"21":1,"22":2,"23":0,"24":0,"25":0,"26":0},"f":{"0":3,"1":0,"2":0,"3":0,"4":0,"5":0,"6":0},"b":{"0":[0],"1":[0,0],"2":[0,0],"3":[1]}}
,"/Users/isaacau/Documents/University Coding Projects/cm22007_cw2/frontend/src/components/TaskEventModal.tsx": {"path":"/Users/isaacau/Documents/University Coding Projects/cm22007_cw2/frontend/src/components/TaskEventModal.tsx","statementMap":{"0":{"start":{"line":1,"column":0},"end":{"line":1,"column":48}},"1":{"start":{"line":2,"column":0},"end":{"line":2,"column":56}},"2":{"start":{"line":3,"column":0},"end":{"line":3,"column":null}},"3":{"start":{"line":13,"column":0},"end":{"line":13,"column":26}},"4":{"start":{"line":15,"column":11},"end":{"line":15,"column":34}},"5":{"start":{"line":52,"column":54},"end":{"line":300,"column":1}},"6":{"start":{"line":58,"column":28},"end":{"line":58,"column":39}},"7":{"start":{"line":60,"column":30},"end":{"line":94,"column":6}},"8":{"start":{"line":62,"column":8},"end":{"line":94,"column":6}},"9":{"start":{"line":63,"column":31},"end":{"line":63,"column":43}},"10":{"start":{"line":64,"column":22},"end":{"line":64,"column":107}},"11":{"start":{"line":66,"column":27},"end":{"line":66,"column":81}},"12":{"start":{"line":68,"column":8},"end":{"line":75,"column":9}},"13":{"start":{"line":69,"column":12},"end":{"line":69,"column":108}},"14":{"start":{"line":71,"column":12},"end":{"line":74,"column":14}},"15":{"start":{"line":77,"column":8},"end":{"line":77,"column":30}},"16":{"start":{"line":77,"column":25},"end":{"line":77,"column":28}},"17":{"start":{"line":79,"column":19},"end":{"line":79,"column":46}},"18":{"start":{"line":80,"column":8},"end":{"line":93,"column":9}},"19":{"start":{"line":81,"column":31},"end":{"line":81,"column":72}},"20":{"start":{"line":82,"column":12},"end":{"line":92,"column":13}},"21":{"start":{"line":83,"column":16},"end":{"line":89,"column":17}},"22":{"start":{"line":84,"column":37},"end":{"line":84,"column":83}},"23":{"start":{"line":85,"column":20},"end":{"line":85,"column":71}},"24":{"start":{"line":87,"column":37},"end":{"line":87,"column":85}},"25":{"start":{"line":88,"column":20},"end":{"line":88,"column":73}},"26":{"start":{"line":91,"column":16},"end":{"line":91,"column":64}},"27":{"start":{"line":97,"column":25},"end":{"line":120,"column":null}},"28":{"start":{"line":97,"column":36},"end":{"line":120,"column":null}},"29":{"start":{"line":98,"column":31},"end":{"line":98,"column":49}},"30":{"start":{"line":99,"column":8},"end":{"line":102,"column":9}},"31":{"start":{"line":100,"column":12},"end":{"line":100,"column":null}},"32":{"start":{"line":101,"column":12},"end":{"line":101,"column":18}},"33":{"start":{"line":104,"column":8},"end":{"line":116,"column":9}},"34":{"start":{"line":105,"column":12},"end":{"line":113,"column":13}},"35":{"start":{"line":106,"column":40},"end":{"line":106,"column":114}},"36":{"start":{"line":107,"column":16},"end":{"line":107,"column":null}},"37":{"start":{"line":108,"column":38},"end":{"line":108,"column":100}},"38":{"start":{"line":109,"column":16},"end":{"line":109,"column":null}},"39":{"start":{"line":111,"column":33},"end":{"line":111,"column":107}},"40":{"start":{"line":112,"column":16},"end":{"line":112,"column":null}},"41":{"start":{"line":115,"column":12},"end":{"line":115,"column":null}},"42":{"start":{"line":118,"column":8},"end":{"line":118,"column":null}},"43":{"start":{"line":119,"column":8},"end":{"line":119,"column":null}},"44":{"start":{"line":122,"column":24},"end":{"line":140,"column":5}},"45":{"start":{"line":123,"column":31},"end":{"line":123,"column":49}},"46":{"start":{"line":124,"column":25},"end":{"line":124,"column":39}},"47":{"start":{"line":126,"column":8},"end":{"line":137,"column":9}},"48":{"start":{"line":127,"column":12},"end":{"line":127,"column":59}},"49":{"start":{"line":128,"column":12},"end":{"line":128,"column":62}},"50":{"start":{"line":129,"column":12},"end":{"line":129,"column":85}},"51":{"start":{"line":130,"column":12},"end":{"line":130,"column":79}},"52":{"start":{"line":131,"column":12},"end":{"line":131,"column":79}},"53":{"start":{"line":133,"column":12},"end":{"line":133,"column":59}},"54":{"start":{"line":134,"column":12},"end":{"line":134,"column":55}},"55":{"start":{"line":135,"column":12},"end":{"line":135,"column":73}},"56":{"start":{"line":136,"column":12},"end":{"line":136,"column":100}},"57":{"start":{"line":139,"column":8},"end":{"line":139,"column":24}},"58":{"start":{"line":142,"column":27},"end":{"line":152,"column":null}},"59":{"start":{"line":142,"column":56},"end":{"line":152,"column":null}},"60":{"start":{"line":143,"column":29},"end":{"line":143,"column":77}},"61":{"start":{"line":144,"column":8},"end":{"line":151,"column":9}},"62":{"start":{"line":145,"column":12},"end":{"line":145,"column":50}},"63":{"start":{"line":146,"column":29},"end":{"line":146,"column":83}},"64":{"start":{"line":147,"column":12},"end":{"line":147,"column":null}},"65":{"start":{"line":148,"column":12},"end":{"line":148,"column":93}},"66":{"start":{"line":148,"column":53},"end":{"line":148,"column":91}},"67":{"start":{"line":150,"column":12},"end":{"line":150,"column":70}},"68":{"start":{"line":154,"column":35},"end":{"line":166,"column":null}},"69":{"start":{"line":154,"column":46},"end":{"line":166,"column":null}},"70":{"start":{"line":155,"column":29},"end":{"line":155,"column":96}},"71":{"start":{"line":156,"column":8},"end":{"line":165,"column":9}},"72":{"start":{"line":157,"column":29},"end":{"line":157,"column":34}},"73":{"start":{"line":158,"column":29},"end":{"line":158,"column":83}},"74":{"start":{"line":159,"column":12},"end":{"line":159,"column":69}},"75":{"start":{"line":160,"column":12},"end":{"line":160,"column":39}},"76":{"start":{"line":161,"column":12},"end":{"line":161,"column":33}},"77":{"start":{"line":163,"column":12},"end":{"line":163,"column":70}},"78":{"start":{"line":164,"column":12},"end":{"line":164,"column":24}},"79":{"start":{"line":168,"column":25},"end":{"line":235,"column":6}},"80":{"start":{"line":168,"column":75},"end":{"line":235,"column":6}},"81":{"start":{"line":169,"column":8},"end":{"line":169,"column":31}},"82":{"start":{"line":171,"column":25},"end":{"line":171,"column":38}},"83":{"start":{"line":173,"column":8},"end":{"line":183,"column":9}},"84":{"start":{"line":175,"column":12},"end":{"line":175,"column":null}},"85":{"start":{"line":176,"column":12},"end":{"line":176,"column":34}},"86":{"start":{"line":179,"column":12},"end":{"line":181,"column":13}},"87":{"start":{"line":180,"column":16},"end":{"line":180,"column":null}},"88":{"start":{"line":182,"column":12},"end":{"line":182,"column":18}},"89":{"start":{"line":185,"column":8},"end":{"line":185,"column":39}},"90":{"start":{"line":186,"column":32},"end":{"line":186,"column":62}},"91":{"start":{"line":188,"column":8},"end":{"line":192,"column":9}},"92":{"start":{"line":189,"column":12},"end":{"line":189,"column":null}},"93":{"start":{"line":190,"column":12},"end":{"line":190,"column":null}},"94":{"start":{"line":191,"column":12},"end":{"line":191,"column":18}},"95":{"start":{"line":194,"column":40},"end":{"line":194,"column":42}},"96":{"start":{"line":196,"column":8},"end":{"line":226,"column":9}},"97":{"start":{"line":197,"column":12},"end":{"line":197,"column":null}},"98":{"start":{"line":198,"column":12},"end":{"line":198,"column":null}},"99":{"start":{"line":199,"column":12},"end":{"line":222,"column":13}},"100":{"start":{"line":200,"column":33},"end":{"line":200,"column":99}},"101":{"start":{"line":202,"column":16},"end":{"line":218,"column":17}},"102":{"start":{"line":203,"column":20},"end":{"line":215,"column":23}},"103":{"start":{"line":204,"column":56},"end":{"line":212,"column":26}},"104":{"start":{"line":214,"column":24},"end":{"line":214,"column":54}},"105":{"start":{"line":217,"column":20},"end":{"line":217,"column":77}},"106":{"start":{"line":221,"column":16},"end":{"line":221,"column":null}},"107":{"start":{"line":224,"column":12},"end":{"line":224,"column":null}},"108":{"start":{"line":225,"column":12},"end":{"line":225,"column":null}},"109":{"start":{"line":228,"column":28},"end":{"line":228,"column":88}},"110":{"start":{"line":229,"column":8},"end":{"line":229,"column":120}},"111":{"start":{"line":229,"column":48},"end":{"line":229,"column":118}},"112":{"start":{"line":230,"column":8},"end":{"line":230,"column":30}},"113":{"start":{"line":232,"column":8},"end":{"line":234,"column":9}},"114":{"start":{"line":233,"column":12},"end":{"line":233,"column":null}},"115":{"start":{"line":237,"column":4},"end":{"line":299,"column":null}},"116":{"start":{"line":238,"column":48},"end":{"line":238,"column":69}},"117":{"start":{"line":290,"column":51},"end":{"line":290,"column":72}},"118":{"start":{"line":302,"column":0},"end":{"line":302,"column":null}}},"fnMap":{"0":{"name":"(anonymous_8)","decl":{"start":{"line":52,"column":54},"end":{"line":52,"column":55}},"loc":{"start":{"line":57,"column":5},"end":{"line":300,"column":1}}},"1":{"name":"(anonymous_9)","decl":{"start":{"line":60,"column":30},"end":{"line":60,"column":null}},"loc":{"start":{"line":62,"column":8},"end":{"line":94,"column":6}}},"2":{"name":"(anonymous_10)","decl":{"start":{"line":62,"column":8},"end":{"line":62,"column":null}},"loc":{"start":{"line":62,"column":8},"end":{"line":94,"column":5}}},"3":{"name":"(anonymous_11)","decl":{"start":{"line":77,"column":20},"end":{"line":77,"column":21}},"loc":{"start":{"line":77,"column":25},"end":{"line":77,"column":28}}},"4":{"name":"(anonymous_12)","decl":{"start":{"line":97,"column":25},"end":{"line":97,"column":34}},"loc":{"start":{"line":97,"column":36},"end":{"line":120,"column":null}}},"5":{"name":"(anonymous_13)","decl":{"start":{"line":97,"column":36},"end":{"line":97,"column":null}},"loc":{"start":{"line":97,"column":36},"end":{"line":120,"column":5}}},"6":{"name":"(anonymous_14)","decl":{"start":{"line":122,"column":24},"end":{"line":122,"column":27}},"loc":{"start":{"line":122,"column":29},"end":{"line":140,"column":5}}},"7":{"name":"(anonymous_15)","decl":{"start":{"line":142,"column":27},"end":{"line":142,"column":34}},"loc":{"start":{"line":142,"column":56},"end":{"line":152,"column":null}}},"8":{"name":"(anonymous_16)","decl":{"start":{"line":142,"column":56},"end":{"line":142,"column":null}},"loc":{"start":{"line":142,"column":56},"end":{"line":152,"column":5}}},"9":{"name":"(anonymous_17)","decl":{"start":{"line":154,"column":35},"end":{"line":154,"column":44}},"loc":{"start":{"line":154,"column":46},"end":{"line":166,"column":null}}},"10":{"name":"(anonymous_18)","decl":{"start":{"line":154,"column":46},"end":{"line":154,"column":null}},"loc":{"start":{"line":154,"column":46},"end":{"line":166,"column":5}}},"11":{"name":"(anonymous_19)","decl":{"start":{"line":168,"column":25},"end":{"line":168,"column":32}},"loc":{"start":{"line":168,"column":75},"end":{"line":235,"column":6}}},"12":{"name":"(anonymous_20)","decl":{"start":{"line":168,"column":75},"end":{"line":168,"column":null}},"loc":{"start":{"line":168,"column":75},"end":{"line":235,"column":5}}},"13":{"name":"(anonymous_21)","decl":{"start":{"line":203,"column":55},"end":{"line":203,"column":56}},"loc":{"start":{"line":203,"column":113},"end":{"line":215,"column":21}}},"14":{"name":"(anonymous_22)","decl":{"start":{"line":229,"column":18},"end":{"line":229,"column":19}},"loc":{"start":{"line":229,"column":48},"end":{"line":229,"column":118}}},"15":{"name":"(anonymous_23)","decl":{"start":{"line":238,"column":42},"end":{"line":238,"column":45}},"loc":{"start":{"line":238,"column":48},"end":{"line":238,"column":69}}},"16":{"name":"(anonymous_24)","decl":{"start":{"line":290,"column":45},"end":{"line":290,"column":48}},"loc":{"start":{"line":290,"column":51},"end":{"line":290,"column":72}}}},"branchMap":{"0":{"loc":{"start":{"line":64,"column":22},"end":{"line":64,"column":107}},"type":"cond-expr","locations":[{"start":{"line":64,"column":45},"end":{"line":64,"column":86}},{"start":{"line":64,"column":89},"end":{"line":64,"column":107}}]},"1":{"loc":{"start":{"line":66,"column":27},"end":{"line":66,"column":81}},"type":"binary-expr","locations":[{"start":{"line":66,"column":27},"end":{"line":66,"column":43}},{"start":{"line":66,"column":47},"end":{"line":66,"column":63}},{"start":{"line":66,"column":67},"end":{"line":66,"column":81}}]},"2":{"loc":{"start":{"line":68,"column":8},"end":{"line":75,"column":9}},"type":"if","locations":[{"start":{"line":68,"column":8},"end":{"line":75,"column":9}},{"start":{"line":70,"column":15},"end":{"line":75,"column":9}}]},"3":{"loc":{"start":{"line":79,"column":19},"end":{"line":79,"column":46}},"type":"cond-expr","locations":[{"start":{"line":79,"column":40},"end":{"line":79,"column":44}},{"start":{"line":79,"column":44},"end":{"line":79,"column":46}}]},"4":{"loc":{"start":{"line":79,"column":19},"end":{"line":79,"column":44}},"type":"binary-expr","locations":[{"start":{"line":79,"column":19},"end":{"line":79,"column":44}},{"start":{"line":79,"column":40},"end":{"line":79,"column":44}}]},"5":{"loc":{"start":{"line":80,"column":8},"end":{"line":93,"column":9}},"type":"if","locations":[{"start":{"line":80,"column":8},"end":{"line":93,"column":9}}]},"6":{"loc":{"start":{"line":83,"column":16},"end":{"line":89,"column":17}},"type":"if","locations":[{"start":{"line":83,"column":16},"end":{"line":89,"column":17}},{"start":{"line":86,"column":23},"end":{"line":89,"column":17}}]},"7":{"loc":{"start":{"line":99,"column":8},"end":{"line":102,"column":9}},"type":"if","locations":[{"start":{"line":99,"column":8},"end":{"line":102,"column":9}}]},"8":{"loc":{"start":{"line":105,"column":12},"end":{"line":113,"column":13}},"type":"if","locations":[{"start":{"line":105,"column":12},"end":{"line":113,"column":13}},{"start":{"line":110,"column":19},"end":{"line":113,"column":13}}]},"9":{"loc":{"start":{"line":126,"column":8},"end":{"line":137,"column":9}},"type":"if","locations":[{"start":{"line":126,"column":8},"end":{"line":137,"column":9}},{"start":{"line":132,"column":15},"end":{"line":137,"column":9}}]},"10":{"loc":{"start":{"line":143,"column":29},"end":{"line":143,"column":77}},"type":"cond-expr","locations":[{"start":{"line":143,"column":42},"end":{"line":143,"column":52}},{"start":{"line":143,"column":55},"end":{"line":143,"column":77}}]},"11":{"loc":{"start":{"line":155,"column":29},"end":{"line":155,"column":96}},"type":"cond-expr","locations":[{"start":{"line":155,"column":42},"end":{"line":155,"column":64}},{"start":{"line":155,"column":67},"end":{"line":155,"column":96}}]},"12":{"loc":{"start":{"line":173,"column":8},"end":{"line":183,"column":9}},"type":"if","locations":[{"start":{"line":173,"column":8},"end":{"line":183,"column":9}}]},"13":{"loc":{"start":{"line":179,"column":12},"end":{"line":181,"column":13}},"type":"if","locations":[{"start":{"line":179,"column":12},"end":{"line":181,"column":13}}]},"14":{"loc":{"start":{"line":188,"column":8},"end":{"line":192,"column":9}},"type":"if","locations":[{"start":{"line":188,"column":8},"end":{"line":192,"column":9}}]},"15":{"loc":{"start":{"line":196,"column":8},"end":{"line":226,"column":9}},"type":"if","locations":[{"start":{"line":196,"column":8},"end":{"line":226,"column":9}},{"start":{"line":223,"column":15},"end":{"line":226,"column":9}}]},"16":{"loc":{"start":{"line":202,"column":16},"end":{"line":218,"column":17}},"type":"if","locations":[{"start":{"line":202,"column":16},"end":{"line":218,"column":17}},{"start":{"line":216,"column":23},"end":{"line":218,"column":17}}]},"17":{"loc":{"start":{"line":202,"column":20},"end":{"line":202,"column":78}},"type":"binary-expr","locations":[{"start":{"line":202,"column":20},"end":{"line":202,"column":33}},{"start":{"line":202,"column":37},"end":{"line":202,"column":78}}]},"18":{"loc":{"start":{"line":232,"column":8},"end":{"line":234,"column":9}},"type":"if","locations":[{"start":{"line":232,"column":8},"end":{"line":234,"column":9}}]},"19":{"loc":{"start":{"line":242,"column":13},"end":{"line":242,"column":56}},"type":"cond-expr","locations":[{"start":{"line":242,"column":26},"end":{"line":242,"column":39}},{"start":{"line":242,"column":42},"end":{"line":242,"column":56}}]},"20":{"loc":{"start":{"line":260,"column":17},"end":{"line":275,"column":null}},"type":"cond-expr","locations":[{"start":{"line":261,"column":20},"end":{"line":266,"column":null}},{"start":{"line":270,"column":20},"end":{"line":273,"column":null}}]}},"s":{"0":1,"1":1,"2":1,"3":1,"4":1,"5":1,"6":5,"7":5,"8":0,"9":0,"10":0,"11":0,"12":0,"13":0,"14":0,"15":0,"16":0,"17":0,"18":0,"19":0,"20":0,"21":0,"22":0,"23":0,"24":0,"25":0,"26":0,"27":5,"28":0,"29":0,"30":0,"31":0,"32":0,"33":0,"34":0,"35":0,"36":0,"37":0,"38":0,"39":0,"40":0,"41":0,"42":0,"43":0,"44":5,"45":0,"46":0,"47":0,"48":0,"49":0,"50":0,"51":0,"52":0,"53":0,"54":0,"55":0,"56":0,"57":0,"58":5,"59":0,"60":0,"61":0,"62":0,"63":0,"64":0,"65":0,"66":0,"67":0,"68":5,"69":0,"70":0,"71":0,"72":0,"73":0,"74":0,"75":0,"76":0,"77":0,"78":0,"79":5,"80":0,"81":0,"82":0,"83":0,"84":0,"85":0,"86":0,"87":0,"88":0,"89":0,"90":0,"91":0,"92":0,"93":0,"94":0,"95":0,"96":0,"97":0,"98":0,"99":0,"100":0,"101":0,"102":0,"103":0,"104":0,"105":0,"106":0,"107":0,"108":0,"109":0,"110":0,"111":0,"112":0,"113":0,"114":0,"115":5,"116":0,"117":0,"118":1},"f":{"0":5,"1":0,"2":0,"3":0,"4":0,"5":0,"6":0,"7":0,"8":0,"9":0,"10":0,"11":0,"12":0,"13":0,"14":0,"15":0,"16":0},"b":{"0":[0,0],"1":[0,0,0],"2":[0,0],"3":[0,0],"4":[0,0],"5":[0],"6":[0,0],"7":[0],"8":[0,0],"9":[0,0],"10":[0,0],"11":[0,0],"12":[0],"13":[0],"14":[0],"15":[0,0],"16":[0,0],"17":[0,0],"18":[0],"19":[3,2],"20":[3,2]}}
}
