TN:
SF:src/components/AchievementModal.tsx
FN:18,(anonymous_8)
FN:43,(anonymous_9)
FN:53,(anonymous_10)
FN:62,(anonymous_11)
FN:64,(anonymous_12)
FN:64,(anonymous_13)
FN:72,(anonymous_14)
FN:72,(anonymous_15)
FN:81,(anonymous_16)
FN:81,(anonymous_17)
FN:91,(anonymous_18)
FN:96,(anonymous_19)
FN:160,(anonymous_20)
FN:166,(anonymous_21)
FN:172,(anonymous_22)
FN:180,(anonymous_23)
FN:214,(anonymous_24)
FNF:17
FNH:16
FNDA:10,(anonymous_8)
FNDA:8,(anonymous_9)
FNDA:15,(anonymous_10)
FNDA:5,(anonymous_11)
FNDA:4,(anonymous_12)
FNDA:4,(anonymous_13)
FNDA:4,(anonymous_14)
FNDA:4,(anonymous_15)
FNDA:4,(anonymous_16)
FNDA:4,(anonymous_17)
FNDA:10,(anonymous_18)
FNDA:10,(anonymous_19)
FNDA:0,(anonymous_20)
FNDA:1,(anonymous_21)
FNDA:1,(anonymous_22)
FNDA:8,(anonymous_23)
FNDA:8,(anonymous_24)
DA:1,1
DA:2,1
DA:18,1
DA:23,10
DA:24,10
DA:25,10
DA:26,10
DA:29,10
DA:32,10
DA:43,10
DA:53,15
DA:62,10
DA:63,5
DA:64,4
DA:65,4
DA:66,4
DA:68,4
DA:72,10
DA:73,4
DA:74,4
DA:75,4
DA:77,0
DA:81,10
DA:82,4
DA:83,4
DA:84,4
DA:85,4
DA:87,0
DA:91,10
DA:96,10
DA:97,10
DA:98,4
DA:99,2
DA:100,0
DA:103,10
DA:105,9
DA:106,4
DA:124,5
DA:160,0
DA:166,1
DA:172,1
DA:181,8
DA:214,8
DA:222,1
LF:44
LH:40
BRDA:21,0,0,10
BRDA:29,1,0,10
BRDA:29,1,1,10
BRDA:33,2,0,0
BRDA:33,2,1,10
BRDA:40,3,0,0
BRDA:40,3,1,10
BRDA:48,4,0,4
BRDA:48,4,1,4
BRDA:48,5,0,0
BRDA:48,5,1,4
BRDA:48,6,0,0
BRDA:48,6,1,4
BRDA:56,7,0,5
BRDA:56,7,1,10
BRDA:56,8,0,0
BRDA:56,8,1,5
BRDA:56,9,0,0
BRDA:56,9,1,10
BRDA:63,10,0,4
BRDA:97,11,0,6
BRDA:98,12,0,2
BRDA:99,13,0,2
BRDA:103,14,0,1
BRDA:105,15,0,4
BRDA:147,16,0,0
BRDA:147,16,1,5
BRDA:185,17,0,8
BRDA:185,17,1,8
BRDA:193,18,0,4
BRDA:193,18,1,4
BRDA:200,19,0,4
BRDA:200,19,1,4
BRF:33
BRH:26
end_of_record
TN:
SF:src/components/InputPrompt.tsx
FN:22,InputPrompt
FN:26,(anonymous_8)
FN:26,(anonymous_9)
FN:75,(anonymous_10)
FN:89,(anonymous_11)
FN:90,(anonymous_12)
FNF:6
FNH:3
FNDA:4,InputPrompt
FNDA:0,(anonymous_8)
FNDA:0,(anonymous_9)
FNDA:1,(anonymous_10)
FNDA:1,(anonymous_11)
FNDA:0,(anonymous_12)
DA:1,1
DA:2,1
DA:22,1
DA:23,4
DA:24,4
DA:26,4
DA:27,0
DA:29,0
DA:30,0
DA:31,0
DA:43,0
DA:44,0
DA:47,0
DA:48,0
DA:49,0
DA:51,0
DA:52,0
DA:53,0
DA:54,0
DA:56,0
DA:57,0
DA:58,0
DA:59,0
DA:60,0
DA:62,0
DA:63,0
DA:64,0
DA:67,0
DA:69,0
DA:72,0
DA:75,4
DA:76,1
DA:77,1
DA:80,4
DA:89,1
DA:90,0
LF:36
LH:11
BRDA:27,0,0,0
BRDA:43,1,0,0
BRDA:56,2,0,0
BRDA:56,2,1,0
BRDA:58,3,0,0
BRDA:58,3,1,0
BRDA:58,4,0,0
BRDA:58,4,1,0
BRDA:59,5,0,0
BRDA:59,5,1,0
BRDA:59,6,0,0
BRDA:59,6,1,0
BRDA:60,7,0,0
BRDA:60,7,1,0
BRDA:60,8,0,0
BRDA:60,8,1,0
BRDA:60,9,0,0
BRDA:60,9,1,0
BRDA:60,10,0,0
BRDA:60,10,1,0
BRDA:63,11,0,0
BRDA:63,11,1,0
BRDA:63,12,0,0
BRDA:63,12,1,0
BRDA:64,13,0,0
BRDA:64,13,1,0
BRDA:64,14,0,0
BRDA:64,14,1,0
BRDA:90,15,0,0
BRDA:90,15,1,0
BRF:30
BRH:0
end_of_record
TN:
SF:src/components/SettingsModal.tsx
FN:8,SettingsModal
FN:15,(anonymous_8)
FN:15,(anonymous_9)
FN:57,(anonymous_10)
FN:65,(anonymous_11)
FN:78,(anonymous_12)
FN:88,(anonymous_13)
FNF:7
FNH:1
FNDA:3,SettingsModal
FNDA:0,(anonymous_8)
FNDA:0,(anonymous_9)
FNDA:0,(anonymous_10)
FNDA:0,(anonymous_11)
FNDA:0,(anonymous_12)
FNDA:0,(anonymous_13)
DA:1,1
DA:8,1
DA:9,3
DA:10,3
DA:11,3
DA:12,3
DA:15,3
DA:16,0
DA:17,0
DA:18,0
DA:21,0
DA:22,0
DA:30,0
DA:31,0
DA:33,0
DA:34,0
DA:37,0
DA:38,0
DA:41,0
DA:44,3
DA:46,2
DA:57,0
DA:65,0
DA:78,0
DA:88,0
LF:25
LH:9
BRDA:16,0,0,0
BRDA:30,1,0,0
BRDA:30,1,1,0
BRDA:34,2,0,0
BRDA:34,2,1,0
BRDA:44,3,0,1
BRF:6
BRH:1
end_of_record
TN:
SF:src/components/TaskEventModal.tsx
FN:52,(anonymous_8)
FN:60,(anonymous_9)
FN:62,(anonymous_10)
FN:77,(anonymous_11)
FN:97,(anonymous_12)
FN:97,(anonymous_13)
FN:122,(anonymous_14)
FN:142,(anonymous_15)
FN:142,(anonymous_16)
FN:154,(anonymous_17)
FN:154,(anonymous_18)
FN:168,(anonymous_19)
FN:168,(anonymous_20)
FN:203,(anonymous_21)
FN:229,(anonymous_22)
FN:238,(anonymous_23)
FN:290,(anonymous_24)
FNF:17
FNH:1
FNDA:5,(anonymous_8)
FNDA:0,(anonymous_9)
FNDA:0,(anonymous_10)
FNDA:0,(anonymous_11)
FNDA:0,(anonymous_12)
FNDA:0,(anonymous_13)
FNDA:0,(anonymous_14)
FNDA:0,(anonymous_15)
FNDA:0,(anonymous_16)
FNDA:0,(anonymous_17)
FNDA:0,(anonymous_18)
FNDA:0,(anonymous_19)
FNDA:0,(anonymous_20)
FNDA:0,(anonymous_21)
FNDA:0,(anonymous_22)
FNDA:0,(anonymous_23)
FNDA:0,(anonymous_24)
DA:1,1
DA:2,1
DA:3,1
DA:13,1
DA:15,1
DA:52,1
DA:58,5
DA:60,5
DA:62,0
DA:63,0
DA:64,0
DA:66,0
DA:68,0
DA:69,0
DA:71,0
DA:77,0
DA:79,0
DA:80,0
DA:81,0
DA:82,0
DA:83,0
DA:84,0
DA:85,0
DA:87,0
DA:88,0
DA:91,0
DA:97,5
DA:98,0
DA:99,0
DA:100,0
DA:101,0
DA:104,0
DA:105,0
DA:106,0
DA:107,0
DA:108,0
DA:109,0
DA:111,0
DA:112,0
DA:115,0
DA:118,0
DA:119,0
DA:122,5
DA:123,0
DA:124,0
DA:126,0
DA:127,0
DA:128,0
DA:129,0
DA:130,0
DA:131,0
DA:133,0
DA:134,0
DA:135,0
DA:136,0
DA:139,0
DA:142,5
DA:143,0
DA:144,0
DA:145,0
DA:146,0
DA:147,0
DA:148,0
DA:150,0
DA:154,5
DA:155,0
DA:156,0
DA:157,0
DA:158,0
DA:159,0
DA:160,0
DA:161,0
DA:163,0
DA:164,0
DA:168,5
DA:169,0
DA:171,0
DA:173,0
DA:175,0
DA:176,0
DA:179,0
DA:180,0
DA:182,0
DA:185,0
DA:186,0
DA:188,0
DA:189,0
DA:190,0
DA:191,0
DA:194,0
DA:196,0
DA:197,0
DA:198,0
DA:199,0
DA:200,0
DA:202,0
DA:203,0
DA:204,0
DA:214,0
DA:217,0
DA:221,0
DA:224,0
DA:225,0
DA:228,0
DA:229,0
DA:230,0
DA:232,0
DA:233,0
DA:237,5
DA:238,0
DA:290,0
DA:302,1
LF:112
LH:15
BRDA:64,0,0,0
BRDA:64,0,1,0
BRDA:66,1,0,0
BRDA:66,1,1,0
BRDA:66,1,2,0
BRDA:68,2,0,0
BRDA:68,2,1,0
BRDA:79,3,0,0
BRDA:79,3,1,0
BRDA:79,4,0,0
BRDA:79,4,1,0
BRDA:80,5,0,0
BRDA:83,6,0,0
BRDA:83,6,1,0
BRDA:99,7,0,0
BRDA:105,8,0,0
BRDA:105,8,1,0
BRDA:126,9,0,0
BRDA:126,9,1,0
BRDA:143,10,0,0
BRDA:143,10,1,0
BRDA:155,11,0,0
BRDA:155,11,1,0
BRDA:173,12,0,0
BRDA:179,13,0,0
BRDA:188,14,0,0
BRDA:196,15,0,0
BRDA:196,15,1,0
BRDA:202,16,0,0
BRDA:202,16,1,0
BRDA:202,17,0,0
BRDA:202,17,1,0
BRDA:232,18,0,0
BRDA:242,19,0,3
BRDA:242,19,1,2
BRDA:260,20,0,3
BRDA:260,20,1,2
BRF:37
BRH:4
end_of_record
